{
  "RSpec": {
    "coverage": {
      "/Users/ryanbradburn/RubymineProjects/cyber_fortress/config/environment.rb": [
        null,
        null,
        null,
        1,
        null,
        null,
        1
      ],
      "/Users/ryanbradburn/RubymineProjects/cyber_fortress/config/application.rb": [
        null,
        null,
        1,
        null,
        1,
        null,
        null,
        null,
        1,
        null,
        1,
        1,
        null,
        1,
        1,
        null,
        null,
        null,
        null,
        null,
        null
      ],
      "/Users/ryanbradburn/RubymineProjects/cyber_fortress/config/boot.rb": [
        null,
        null,
        1,
        null,
        1,
        1
      ],
      "/Users/ryanbradburn/RubymineProjects/cyber_fortress/config/environments/test.rb": [
        null,
        null,
        null,
        null,
        null,
        null,
        null,
        1,
        null,
        null,
        1,
        null,
        null,
        null,
        null,
        1,
        null,
        null,
        1,
        1,
        null,
        null,
        null,
        null,
        1,
        1,
        1,
        null,
        null,
        1,
        null,
        null,
        1,
        null,
        null,
        1,
        null,
        1,
        null,
        null,
        null,
        null,
        1,
        null,
        null,
        1,
        null,
        null,
        null,
        null
      ],
      "/Users/ryanbradburn/RubymineProjects/cyber_fortress/config/initializers/application_controller_renderer.rb": [
        null,
        null,
        null,
        null,
        null,
        null,
        null,
        null,
        null
      ],
      "/Users/ryanbradburn/RubymineProjects/cyber_fortress/config/initializers/assets.rb": [
        null,
        null,
        null,
        null,
        null,
        1,
        null,
        null,
        null,
        null,
        1,
        null,
        null,
        null,
        null,
        null
      ],
      "/Users/ryanbradburn/RubymineProjects/cyber_fortress/config/initializers/backtrace_silencers.rb": [
        null,
        null,
        null,
        null,
        null,
        null,
        null,
        null
      ],
      "/Users/ryanbradburn/RubymineProjects/cyber_fortress/config/initializers/content_security_policy.rb": [
        null,
        null,
        null,
        null,
        null,
        null,
        null,
        null,
        null,
        null,
        null,
        null,
        null,
        null,
        null,
        null,
        null,
        null,
        null,
        null,
        null,
        null,
        null,
        null,
        null,
        null,
        null,
        null,
        null,
        null,
        null
      ],
      "/Users/ryanbradburn/RubymineProjects/cyber_fortress/config/initializers/cookies_serializer.rb": [
        null,
        null,
        null,
        null,
        null,
        null,
        1
      ],
      "/Users/ryanbradburn/RubymineProjects/cyber_fortress/config/initializers/cyber_fortress.rb": [
        null,
        null,
        1,
        1
      ],
      "/Users/ryanbradburn/RubymineProjects/cyber_fortress/app/models/user.rb": [
        null,
        null,
        1,
        1,
        null,
        1,
        null,
        1,
        null,
        null,
        null,
        null,
        1,
        2,
        null,
        null
      ],
      "/Users/ryanbradburn/RubymineProjects/cyber_fortress/app/models/application_record.rb": [
        null,
        null,
        1,
        1,
        null
      ],
      "/Users/ryanbradburn/RubymineProjects/cyber_fortress/config/initializers/filter_parameter_logging.rb": [
        null,
        null,
        null,
        null,
        null,
        1
      ],
      "/Users/ryanbradburn/RubymineProjects/cyber_fortress/config/initializers/inflections.rb": [
        null,
        null,
        null,
        null,
        null,
        null,
        null,
        null,
        null,
        null,
        null,
        null,
        null,
        null,
        null,
        null,
        null
      ],
      "/Users/ryanbradburn/RubymineProjects/cyber_fortress/config/initializers/knock.rb": [
        null,
        null,
        1,
        null,
        null,
        null,
        null,
        null,
        null,
        null,
        null,
        null,
        null,
        null,
        null,
        null,
        null,
        null,
        null,
        null,
        null,
        null,
        null,
        null,
        null,
        null,
        null,
        null,
        null,
        null,
        null,
        null,
        null,
        null,
        null,
        null,
        null,
        null,
        null,
        null,
        null,
        null,
        null,
        null,
        null,
        null,
        null,
        null,
        null,
        null,
        null,
        null,
        null,
        null,
        null,
        null,
        null,
        null,
        null
      ],
      "/Users/ryanbradburn/RubymineProjects/cyber_fortress/config/initializers/mime_types.rb": [
        null,
        null,
        null,
        null,
        null
      ],
      "/Users/ryanbradburn/RubymineProjects/cyber_fortress/config/routes.rb": [
        null,
        null,
        1,
        1,
        1,
        1,
        1,
        1,
        null,
        null,
        null
      ],
      "/Users/ryanbradburn/RubymineProjects/cyber_fortress/app/helpers/application_helper.rb": [
        null,
        null,
        1,
        null
      ],
      "/Users/ryanbradburn/RubymineProjects/cyber_fortress/spec/controllers/api/v1/raining_controller_spec.rb": [
        null,
        null,
        1,
        1,
        null,
        1,
        null,
        null,
        null,
        null,
        null,
        null,
        null,
        null,
        null,
        null,
        null,
        null,
        null,
        2,
        1,
        1,
        1,
        null,
        null,
        1,
        1,
        1,
        1,
        1,
        null,
        null,
        null,
        1,
        1,
        1,
        1,
        1,
        null,
        null,
        null,
        1,
        1,
        1,
        1,
        1,
        1,
        null,
        null,
        null,
        null
      ],
      "/Users/ryanbradburn/RubymineProjects/cyber_fortress/app/controllers/api/v1/raining_controller.rb": [
        null,
        null,
        1,
        1,
        1,
        1,
        1,
        1,
        1,
        null,
        1,
        1,
        null,
        null,
        1,
        null,
        1,
        3,
        null,
        null,
        1,
        1,
        null,
        null,
        null,
        null
      ],
      "/Users/ryanbradburn/RubymineProjects/cyber_fortress/app/controllers/application_controller.rb": [
        null,
        null,
        1,
        null
      ],
      "/Users/ryanbradburn/RubymineProjects/cyber_fortress/spec/controllers/raining_controller_spec.rb": [
        null,
        null,
        1,
        null,
        1,
        1,
        1,
        1,
        null,
        null
      ],
      "/Users/ryanbradburn/RubymineProjects/cyber_fortress/app/controllers/raining_controller.rb": [
        null,
        null,
        1,
        1,
        null
      ],
      "/Users/ryanbradburn/RubymineProjects/cyber_fortress/spec/models/user/raining_status_spec.rb": [
        null,
        null,
        1,
        1,
        null,
        12,
        null,
        null,
        null,
        null,
        null,
        null,
        null,
        null,
        null,
        null,
        null,
        null,
        null,
        13,
        14,
        null,
        1,
        1,
        2,
        null,
        2,
        null,
        null,
        1,
        2,
        2,
        null,
        null,
        null,
        1,
        1,
        1,
        1,
        null,
        null,
        1,
        2,
        1,
        null,
        null,
        1,
        2,
        1,
        null,
        null,
        null,
        1,
        1,
        1,
        1,
        null,
        null,
        1,
        1,
        null,
        null,
        null,
        1,
        1,
        1,
        1,
        4,
        2,
        null,
        null,
        null,
        1,
        1,
        1,
        4,
        null,
        null,
        null,
        1,
        1,
        1,
        2,
        2,
        null,
        null,
        null,
        null,
        1,
        2,
        null,
        1,
        2,
        1,
        1,
        null,
        null,
        null,
        1,
        2,
        null,
        1,
        2,
        1,
        null,
        null,
        null
      ],
      "/Users/ryanbradburn/RubymineProjects/cyber_fortress/app/models/user/raining_status.rb": [
        null,
        null,
        1,
        1,
        1,
        1,
        15,
        15,
        null,
        14,
        14,
        14,
        null,
        null,
        1,
        17,
        null,
        16,
        null,
        null,
        1,
        18,
        null,
        17,
        null,
        null,
        1,
        4,
        4,
        null,
        1,
        null,
        null,
        1,
        null,
        null,
        2,
        null,
        null,
        null,
        null,
        1,
        1,
        1,
        null,
        null,
        1,
        null,
        3,
        null,
        null,
        null,
        null,
        null
      ],
      "/Users/ryanbradburn/RubymineProjects/cyber_fortress/spec/models/user_spec.rb": [
        null,
        null,
        1,
        1,
        null,
        3,
        null,
        null,
        null,
        null,
        null,
        null,
        null,
        null,
        null,
        null,
        null,
        null,
        null,
        3,
        null,
        1,
        2,
        null,
        null,
        1,
        2,
        null,
        null,
        1,
        2,
        null,
        null
      ],
      "/Users/ryanbradburn/RubymineProjects/cyber_fortress/spec/services/weather_service_spec.rb": [
        null,
        null,
        1,
        6,
        6,
        null,
        1,
        2,
        null,
        null,
        1,
        1,
        1,
        1,
        1,
        null,
        null,
        null,
        1,
        1,
        1,
        1,
        null,
        null,
        1,
        1,
        1,
        null,
        null,
        null,
        null,
        1,
        2,
        null,
        null
      ],
      "/Users/ryanbradburn/RubymineProjects/cyber_fortress/app/services/weather_service.rb": [
        null,
        null,
        1,
        null,
        1,
        1,
        null,
        1,
        5,
        null,
        null,
        1,
        3,
        null,
        2,
        null,
        null,
        1,
        3,
        null,
        null,
        1,
        null,
        null,
        1,
        0,
        null,
        null,
        1,
        0,
        null,
        null,
        1,
        0,
        0,
        null,
        null,
        1,
        0,
        null,
        0,
        null,
        null,
        1,
        0,
        0,
        null,
        null,
        null
      ],
      "/Users/ryanbradburn/RubymineProjects/cyber_fortress/spec/views/raining/index_html_erb_spec.rb": [
        null,
        null,
        1,
        1,
        1,
        null,
        null
      ]
    },
    "timestamp": 1582520035
  }
}
